2024-11-05 11:08:00,533 CRIT Supervisor is running as root.  Privileges were not dropped because no user is specified in the config file.  If you intend to run as root, you can set user=root in the config file to avoid this message.
2024-11-05 11:08:00,552 INFO supervisord started with pid 1
2024-11-05 11:08:01,587 INFO spawned: 'laravel-queue-worker_00' with pid 8
2024-11-05 11:08:01,705 WARN exited: laravel-queue-worker_00 (exit status 255; not expected)
2024-11-05 11:08:02,723 INFO spawned: 'laravel-queue-worker_00' with pid 9
2024-11-05 11:08:03,790 INFO success: laravel-queue-worker_00 entered RUNNING state, process has stayed up for > than 1 seconds (startsecs)
2024-11-05 11:08:03,796 WARN exited: laravel-queue-worker_00 (exit status 255; not expected)
2024-11-05 11:08:04,824 INFO spawned: 'laravel-queue-worker_00' with pid 10
2024-11-05 11:08:04,892 WARN exited: laravel-queue-worker_00 (exit status 255; not expected)
2024-11-05 11:08:05,904 INFO spawned: 'laravel-queue-worker_00' with pid 11
2024-11-05 11:08:05,953 WARN exited: laravel-queue-worker_00 (exit status 255; not expected)
2024-11-05 11:08:08,038 INFO spawned: 'laravel-queue-worker_00' with pid 12
2024-11-05 11:08:09,536 INFO success: laravel-queue-worker_00 entered RUNNING state, process has stayed up for > than 1 seconds (startsecs)
2024-11-05 11:08:09,538 WARN exited: laravel-queue-worker_00 (exit status 255; not expected)
2024-11-05 11:08:10,569 INFO spawned: 'laravel-queue-worker_00' with pid 13
2024-11-05 11:08:11,690 INFO success: laravel-queue-worker_00 entered RUNNING state, process has stayed up for > than 1 seconds (startsecs)
2024-11-05 11:08:11,697 WARN exited: laravel-queue-worker_00 (exit status 255; not expected)
2024-11-05 11:08:12,756 INFO spawned: 'laravel-queue-worker_00' with pid 14
2024-11-05 11:08:12,975 WARN exited: laravel-queue-worker_00 (exit status 255; not expected)
2024-11-05 11:08:14,035 INFO spawned: 'laravel-queue-worker_00' with pid 15
2024-11-05 11:08:15,105 INFO success: laravel-queue-worker_00 entered RUNNING state, process has stayed up for > than 1 seconds (startsecs)
2024-11-05 11:08:15,111 WARN exited: laravel-queue-worker_00 (exit status 255; not expected)
2024-11-05 11:08:16,138 INFO spawned: 'laravel-queue-worker_00' with pid 16
2024-11-05 11:08:16,187 WARN exited: laravel-queue-worker_00 (exit status 255; not expected)
2024-11-05 11:08:17,204 INFO spawned: 'laravel-queue-worker_00' with pid 17
2024-11-05 11:08:17,309 WARN exited: laravel-queue-worker_00 (exit status 255; not expected)
2024-11-05 11:08:19,342 INFO spawned: 'laravel-queue-worker_00' with pid 18
2024-11-05 11:08:19,497 WARN exited: laravel-queue-worker_00 (exit status 255; not expected)
2024-11-05 11:08:22,640 INFO spawned: 'laravel-queue-worker_00' with pid 19
2024-11-05 11:08:23,929 INFO success: laravel-queue-worker_00 entered RUNNING state, process has stayed up for > than 1 seconds (startsecs)
2024-11-05 11:08:23,941 WARN exited: laravel-queue-worker_00 (exit status 255; not expected)
2024-11-05 11:08:25,310 INFO spawned: 'laravel-queue-worker_00' with pid 20
2024-11-05 11:08:25,523 WARN exited: laravel-queue-worker_00 (exit status 255; not expected)
2024-11-05 11:08:26,560 INFO spawned: 'laravel-queue-worker_00' with pid 21
2024-11-05 11:08:26,656 WARN exited: laravel-queue-worker_00 (exit status 255; not expected)
2024-11-05 11:08:28,952 INFO spawned: 'laravel-queue-worker_00' with pid 22
2024-11-05 11:08:29,380 WARN exited: laravel-queue-worker_00 (exit status 255; not expected)
2024-11-05 11:08:32,455 INFO spawned: 'laravel-queue-worker_00' with pid 23
2024-11-05 11:08:32,605 WARN exited: laravel-queue-worker_00 (exit status 255; not expected)
2024-11-05 11:08:32,614 INFO gave up: laravel-queue-worker_00 entered FATAL state, too many start retries too quickly
2024-11-05 11:12:31,847 INFO reaped unknown pid 533 (exit status 0)
2024-11-05 11:22:56,128 WARN received SIGQUIT indicating exit request
2024-11-05 11:23:20,550 CRIT Supervisor is running as root.  Privileges were not dropped because no user is specified in the config file.  If you intend to run as root, you can set user=root in the config file to avoid this message.
2024-11-05 11:23:20,578 INFO supervisord started with pid 1
2024-11-05 11:23:21,588 INFO spawned: 'laravel-queue-worker_00' with pid 7
2024-11-05 11:23:22,593 INFO success: laravel-queue-worker_00 entered RUNNING state, process has stayed up for > than 1 seconds (startsecs)
2024-11-05 11:25:07,026 WARN received SIGQUIT indicating exit request
2024-11-05 11:25:07,037 INFO waiting for laravel-queue-worker_00 to die
2024-11-05 11:25:07,167 WARN stopped: laravel-queue-worker_00 (terminated by SIGTERM)
2024-11-05 11:25:58,186 CRIT Supervisor is running as root.  Privileges were not dropped because no user is specified in the config file.  If you intend to run as root, you can set user=root in the config file to avoid this message.
2024-11-05 11:25:58,206 INFO supervisord started with pid 1
2024-11-05 11:25:59,225 INFO spawned: 'laravel-queue-worker_00' with pid 7
2024-11-05 11:26:00,232 INFO success: laravel-queue-worker_00 entered RUNNING state, process has stayed up for > than 1 seconds (startsecs)
2024-11-05 11:28:27,765 WARN received SIGQUIT indicating exit request
2024-11-05 11:28:28,029 INFO waiting for laravel-queue-worker_00 to die
2024-11-05 11:28:29,715 WARN stopped: laravel-queue-worker_00 (terminated by SIGTERM)
2024-11-05 11:31:25,477 CRIT Supervisor is running as root.  Privileges were not dropped because no user is specified in the config file.  If you intend to run as root, you can set user=root in the config file to avoid this message.
2024-11-05 11:31:25,533 INFO supervisord started with pid 1
2024-11-05 11:31:26,578 INFO spawned: 'laravel-queue-worker_00' with pid 7
2024-11-05 11:31:27,585 INFO success: laravel-queue-worker_00 entered RUNNING state, process has stayed up for > than 1 seconds (startsecs)
2024-11-05 11:31:51,868 WARN received SIGQUIT indicating exit request
2024-11-05 11:31:51,879 INFO waiting for laravel-queue-worker_00 to die
2024-11-05 11:31:52,016 WARN stopped: laravel-queue-worker_00 (terminated by SIGTERM)
2024-11-05 11:32:28,937 CRIT Supervisor is running as root.  Privileges were not dropped because no user is specified in the config file.  If you intend to run as root, you can set user=root in the config file to avoid this message.
2024-11-05 11:32:28,968 INFO supervisord started with pid 1
2024-11-05 11:32:29,989 INFO spawned: 'laravel-queue-worker_00' with pid 7
2024-11-05 11:32:30,993 INFO success: laravel-queue-worker_00 entered RUNNING state, process has stayed up for > than 1 seconds (startsecs)
2024-11-05 11:44:06,769 WARN received SIGQUIT indicating exit request
2024-11-05 11:44:06,784 INFO waiting for laravel-queue-worker_00 to die
2024-11-05 11:44:07,162 WARN stopped: laravel-queue-worker_00 (terminated by SIGTERM)
2024-11-05 11:44:23,332 CRIT Supervisor is running as root.  Privileges were not dropped because no user is specified in the config file.  If you intend to run as root, you can set user=root in the config file to avoid this message.
2024-11-05 11:44:23,376 INFO supervisord started with pid 1
2024-11-05 11:44:24,407 INFO spawned: 'laravel-queue-worker_00' with pid 7
2024-11-05 11:44:25,411 INFO success: laravel-queue-worker_00 entered RUNNING state, process has stayed up for > than 1 seconds (startsecs)
2024-11-05 11:45:47,406 WARN received SIGQUIT indicating exit request
2024-11-05 11:45:47,700 INFO waiting for laravel-queue-worker_00 to die
2024-11-05 11:45:47,905 WARN stopped: laravel-queue-worker_00 (terminated by SIGTERM)
2024-11-05 11:53:22,365 CRIT Supervisor is running as root.  Privileges were not dropped because no user is specified in the config file.  If you intend to run as root, you can set user=root in the config file to avoid this message.
2024-11-05 11:53:22,512 INFO supervisord started with pid 1
2024-11-05 11:53:23,529 INFO spawned: 'laravel-queue-worker_00' with pid 6
2024-11-05 11:53:24,535 INFO success: laravel-queue-worker_00 entered RUNNING state, process has stayed up for > than 1 seconds (startsecs)
2024-11-05 11:54:45,149 WARN received SIGQUIT indicating exit request
2024-11-05 11:54:45,312 INFO waiting for laravel-queue-worker_00 to die
2024-11-05 11:54:47,602 WARN stopped: laravel-queue-worker_00 (terminated by SIGTERM)
2024-11-05 11:55:36,477 CRIT Supervisor is running as root.  Privileges were not dropped because no user is specified in the config file.  If you intend to run as root, you can set user=root in the config file to avoid this message.
2024-11-05 11:55:36,518 INFO supervisord started with pid 1
2024-11-05 11:55:37,534 INFO spawned: 'laravel-queue-worker_00' with pid 7
2024-11-05 11:55:38,542 INFO success: laravel-queue-worker_00 entered RUNNING state, process has stayed up for > than 1 seconds (startsecs)
2024-11-05 12:39:59,192 WARN received SIGQUIT indicating exit request
2024-11-05 12:39:59,235 INFO waiting for laravel-queue-worker_00 to die
2024-11-05 12:40:01,405 WARN stopped: laravel-queue-worker_00 (terminated by SIGTERM)
2024-11-05 12:41:55,714 CRIT Supervisor is running as root.  Privileges were not dropped because no user is specified in the config file.  If you intend to run as root, you can set user=root in the config file to avoid this message.
2024-11-05 12:41:56,099 INFO supervisord started with pid 1
2024-11-05 12:41:57,456 INFO spawned: 'laravel-queue-worker_00' with pid 7
2024-11-05 12:41:58,544 INFO success: laravel-queue-worker_00 entered RUNNING state, process has stayed up for > than 1 seconds (startsecs)
2024-11-05 12:45:07,221 WARN received SIGQUIT indicating exit request
2024-11-05 12:45:07,291 INFO waiting for laravel-queue-worker_00 to die
2024-11-05 12:45:09,253 WARN stopped: laravel-queue-worker_00 (terminated by SIGTERM)
2024-11-05 12:50:41,588 CRIT Supervisor is running as root.  Privileges were not dropped because no user is specified in the config file.  If you intend to run as root, you can set user=root in the config file to avoid this message.
2024-11-05 12:50:41,614 INFO supervisord started with pid 1
2024-11-05 12:50:42,641 INFO spawned: 'laravel-queue-worker_00' with pid 6
2024-11-05 12:50:43,650 INFO success: laravel-queue-worker_00 entered RUNNING state, process has stayed up for > than 1 seconds (startsecs)
2024-11-05 12:54:10,372 WARN received SIGQUIT indicating exit request
2024-11-05 12:54:10,462 INFO waiting for laravel-queue-worker_00 to die
2024-11-05 12:54:11,530 WARN stopped: laravel-queue-worker_00 (terminated by SIGTERM)
2024-11-05 12:54:23,717 CRIT Supervisor is running as root.  Privileges were not dropped because no user is specified in the config file.  If you intend to run as root, you can set user=root in the config file to avoid this message.
2024-11-05 12:54:23,738 INFO supervisord started with pid 1
2024-11-05 12:54:24,750 INFO spawned: 'laravel-queue-worker_00' with pid 7
2024-11-05 12:54:25,754 INFO success: laravel-queue-worker_00 entered RUNNING state, process has stayed up for > than 1 seconds (startsecs)
2024-11-05 12:55:31,110 WARN received SIGQUIT indicating exit request
2024-11-05 12:55:31,122 INFO waiting for laravel-queue-worker_00 to die
2024-11-05 12:55:31,303 WARN stopped: laravel-queue-worker_00 (terminated by SIGTERM)
